features/dateselector/build/intermediates/manifest_merge_blame_file/debug/manifest-merger-blame-debug-report.txt
1<?xml version="1.0" encoding="utf-8"?>
2<manifest xmlns:android="http://schemas.android.com/apk/res/android"
3    package="com.feliperrm.mathem.dateselector" >
4
5    <uses-sdk
6        android:minSdkVersion="24"
6-->src\main\AndroidManifest.xml
7        android:targetSdkVersion="33" />
7-->src\main\AndroidManifest.xml
8
9    <uses-permission android:name="android.permission.INTERNET" />
9-->src\main\AndroidManifest.xml:4:5-66
9-->src\main\AndroidManifest.xml:4:22-64
10    <uses-permission android:name="android.permission.ACCESS_NETWORK_STATE" />
10-->src\main\AndroidManifest.xml:5:5-78
10-->src\main\AndroidManifest.xml:5:22-76
11
12    <application>
12-->src\main\AndroidManifest.xml:7:5-24:19
13        <activity
13-->src\main\AndroidManifest.xml:8:9-22:20
14            android:name="com.feliperrm.mathem.dateselector.ui.DateSelectorActivity"
14-->src\main\AndroidManifest.xml:9:13-52
15            android:exported="true"
15-->src\main\AndroidManifest.xml:10:13-36
16            android:label="@string/app_name"
16-->src\main\AndroidManifest.xml:11:13-45
17            android:theme="@style/Theme.Mathem" >
17-->src\main\AndroidManifest.xml:12:13-48
18            <intent-filter>
18-->src\main\AndroidManifest.xml:13:13-17:29
19                <action android:name="android.intent.action.MAIN" />
19-->src\main\AndroidManifest.xml:14:17-69
19-->src\main\AndroidManifest.xml:14:25-66
20
21                <category android:name="android.intent.category.LAUNCHER" />
21-->src\main\AndroidManifest.xml:16:17-77
21-->src\main\AndroidManifest.xml:16:27-74
22            </intent-filter>
23
24            <meta-data
24-->src\main\AndroidManifest.xml:19:13-21:36
25                android:name="android.app.lib_name"
25-->src\main\AndroidManifest.xml:20:17-52
26                android:value="" />
26-->src\main\AndroidManifest.xml:21:17-33
27        </activity>
28    </application>
29
30</manifest>